[Actor: 17961460] Serpentine Tail > Cat: 11 ID: 1835 Anim: 1311 Msg: 185

[Actor: 17961460] Pyric Bulwark > Cat: 11 ID: 1829 Anim: 1319 Msg: 194

[Actor: 17961460] Water V > Cat: 4 ID: 173 Anim: 173 Msg: 2

[Actor: 17961460] Trembling > Cat: 11 ID: 1834 Anim: 1310 Msg: 185

[Actor: 17961460] Polar Bulwark > Cat: 11 ID: 1831 Anim: 1318 Msg: 194

[Actor: 17961460] Aeroja > Cat: 4 ID: 498 Anim: 822 Msg: 2

[Actor: 17961460] Trembling > Cat: 11 ID: 1834 Anim: 1310 Msg: 185

[Actor: 17961460] Aero VI > Cat: 4 ID: 851 Anim: 959 Msg: 2

[Actor: 17961460] Polar Bulwark > Cat: 11 ID: 1831 Anim: 1318 Msg: 194

[Actor: 17961460] Polar Bulwark > Cat: 11 ID: 1831 Anim: 1318 Msg: 194

[Actor: 17961460] Slowga > Cat: 4 ID: 357 Anim: 489 Msg: 236

[Actor: 17961460] Graviga > Cat: 4 ID: 366 Anim: 272 Msg: 236

[Actor: 17961460] Water VI > Cat: 4 ID: 854 Anim: 962 Msg: 2

[Actor: 17961460] Pyric Bulwark > Cat: 11 ID: 1829 Anim: 1319 Msg: 194

[Actor: 17961460] Mighty Strikes > Cat: 11 ID: 688 Anim: 432 Msg: 101

[Actor: 17961460] Slowga > Cat: 4 ID: 357 Anim: 489 Msg: 236

[Actor: 17961460] Trembling > Cat: 11 ID: 1834 Anim: 1310 Msg: 185

[Actor: 17961460] Graviga > Cat: 4 ID: 366 Anim: 272 Msg: 236

[Actor: 17961460] Pyric Bulwark > Cat: 11 ID: 1829 Anim: 1319 Msg: 194

[Actor: 17961464] Wind Shear > Cat: 11 ID: 1720 Anim: 1195 Msg: 185

[Actor: 17961460] Waterga IV > Cat: 4 ID: 202 Anim: 202 Msg: 2

[Actor: 17961460] Trembling > Cat: 11 ID: 1834 Anim: 1310 Msg: 185

[Actor: 17961465] Obfuscate > Cat: 11 ID: 1721 Anim: 1196 Msg: 243

[Actor: 17961460] Pyric Bulwark > Cat: 11 ID: 1829 Anim: 1319 Msg: 194

[Actor: 17961460] Addle > Cat: 4 ID: 286 Anim: 119 Msg: 236

[Actor: 17961465] Crosswind > Cat: 11 ID: 1718 Anim: 1194 Msg: 185

[Actor: 17961460] Breakga > Cat: 4 ID: 365 Anim: 271 Msg: 236

[Actor: 17961460] Pyric Bulwark > Cat: 11 ID: 1829 Anim: 1319 Msg: 194

[Actor: 17961460] Aero V > Cat: 4 ID: 158 Anim: 158 Msg: 2

[Actor: 17960998] Biotic Boomerang > Cat: 11 ID: 1385 Anim: 1020 Msg: 188

[Actor: 17961002] Blaze Spikes > Cat: 4 ID: 249 Anim: 249 Msg: 230

[Actor: 17961005] Aspir > Cat: 4 ID: 247 Anim: 247 Msg: 228

[Actor: 17961005] Stun > Cat: 4 ID: 252 Anim: 252 Msg: 236

[Actor: 17961005] Thundaga III > Cat: 4 ID: 196 Anim: 196 Msg: 2

[Actor: 17961006] Crystalline Cocoon > Cat: 11 ID: 1382 Anim: 1014 Msg: 194

[Actor: 17961005] Blizzard IV > Cat: 4 ID: 152 Anim: 152 Msg: 2

[Actor: 17961005] Blaze Spikes > Cat: 4 ID: 249 Anim: 249 Msg: 230

[Actor: 17961004] Auroral Wind > Cat: 11 ID: 1379 Anim: 1011 Msg: 185

[Actor: 17961005] Burn > Cat: 4 ID: 235 Anim: 235 Msg: 237

[Actor: 17961005] Thunder IV > Cat: 4 ID: 167 Anim: 167 Msg: 2

[Actor: 17961004] Auroral Wind > Cat: 11 ID: 1379 Anim: 1011 Msg: 185

[Actor: 17961003] Depuration > Cat: 11 ID: 1381 Anim: 1013 Msg: 405

[Actor: 17961002] Fire IV > Cat: 4 ID: 147 Anim: 147 Msg: 2

[Actor: 17961052] Torrential Torment > Cat: 11 ID: 1374 Anim: 1026 Msg: 185

[Actor: 17961052] Luminous Drape > Cat: 11 ID: 1376 Anim: 1028 Msg: 189

[Actor: 17961052] Ion Shower > Cat: 11 ID: 1373 Anim: 1025 Msg: 185

[Actor: 17961052] Fluorescence > Cat: 11 ID: 1377 Anim: 1029 Msg: 194

[Actor: 17961052] Ion Shower > Cat: 11 ID: 1373 Anim: 1025 Msg: 185

[Actor: 17961342] Aerial Collision > Cat: 11 ID: 1353 Anim: 1004 Msg: 185

[Actor: 17961342] Aerial Collision > Cat: 11 ID: 1353 Anim: 1004 Msg: 185

[Actor: 17961342] Voiceless Storm > Cat: 11 ID: 1356 Anim: 1007 Msg: 185

[Actor: 17961342] Aerial Collision > Cat: 11 ID: 1353 Anim: 1004 Msg: 185

[Actor: 17961342] Aerial Collision > Cat: 11 ID: 1353 Anim: 1004 Msg: 185

[Actor: 17961342] Aerial Collision > Cat: 11 ID: 1353 Anim: 1004 Msg: 185

[Actor: 17961342] Aerial Collision > Cat: 11 ID: 1353 Anim: 1004 Msg: 185

[Actor: 17961342] Aerial Collision > Cat: 11 ID: 1353 Anim: 1004 Msg: 185

[Actor: 17961342] Aerial Collision > Cat: 11 ID: 1353 Anim: 1004 Msg: 185

[Actor: 17961342] Plasma Charge > Cat: 11 ID: 1358 Anim: 1009 Msg: 194

[Actor: 17961342] Thundaga IV > Cat: 4 ID: 197 Anim: 197 Msg: 2

[Actor: 17961342] Aerial Collision > Cat: 11 ID: 1353 Anim: 1004 Msg: 185

[Actor: 17961342] Aerial Collision > Cat: 11 ID: 1353 Anim: 1004 Msg: 185

[Actor: 17961342] Burst II > Cat: 4 ID: 213 Anim: 213 Msg: 2

[Actor: 17961342] Voiceless Storm > Cat: 11 ID: 1356 Anim: 1007 Msg: 185

[Actor: 17961342] Burst II > Cat: 4 ID: 213 Anim: 213 Msg: 2

[Actor: 17961002] Poisonga II > Cat: 4 ID: 226 Anim: 226 Msg: 236

[Actor: 17961002] Crystalline Cocoon > Cat: 11 ID: 1382 Anim: 1014 Msg: 194

[Actor: 17961002] Sleep > Cat: 4 ID: 253 Anim: 253 Msg: 236

[Actor: 17961002] Auroral Wind > Cat: 11 ID: 1379 Anim: 1011 Msg: 185

[Actor: 17961002] Impact Stream > Cat: 11 ID: 1380 Anim: 1012 Msg: 185

[Actor: 17961005] Blaze Spikes > Cat: 4 ID: 249 Anim: 249 Msg: 230

[Actor: 17961006] Wing Thrust > Cat: 11 ID: 1378 Anim: 1010 Msg: 185

[Actor: 17961005] Choke > Cat: 4 ID: 237 Anim: 237 Msg: 237

[Actor: 17961005] Crystalline Cocoon > Cat: 11 ID: 1382 Anim: 1014 Msg: 194

[Actor: 17961005] Crystalline Cocoon > Cat: 11 ID: 1382 Anim: 1014 Msg: 194

[Actor: 17961004] Impact Stream > Cat: 11 ID: 1380 Anim: 1012 Msg: 185

[Actor: 17961003] Sleepga II > Cat: 4 ID: 274 Anim: 270 Msg: 236

[Actor: 17961002] Sleepga II > Cat: 4 ID: 274 Anim: 270 Msg: 75

[Actor: 17961002] Aero IV > Cat: 4 ID: 157 Anim: 157 Msg: 2

[Actor: 17961003] Blaze Spikes > Cat: 4 ID: 249 Anim: 249 Msg: 230

[Actor: 17961003] Wing Thrust > Cat: 11 ID: 1378 Anim: 1010 Msg: 185

