[Actor: 17908167] Blink > Cat: 4 ID: 53 Anim: 53 Msg: 230

[Actor: 17908166] Blink > Cat: 4 ID: 53 Anim: 53 Msg: 230

[Actor: 17908168] Absorb-AGI > Cat: 4 ID: 269 Anim: 273 Msg: 332

[Actor: 17908169] Absorb-DEX > Cat: 4 ID: 267 Anim: 275 Msg: 330

[Actor: 17908167] Flash > Cat: 4 ID: 112 Anim: 486 Msg: 236

[Actor: 17908169] Stone III > Cat: 4 ID: 161 Anim: 161 Msg: 2

[Actor: 17908168] Sleep II > Cat: 4 ID: 259 Anim: 265 Msg: 236

[Actor: 17908167] Shell V > Cat: 4 ID: 52 Anim: 52 Msg: 230

[Actor: 17908166] Stoneskin > Cat: 4 ID: 54 Anim: 54 Msg: 230

[Actor: 17908167] Protect IV > Cat: 4 ID: 46 Anim: 46 Msg: 230

[Actor: 17908168] Water III > Cat: 4 ID: 171 Anim: 171 Msg: 2

[Actor: 17908169] Bind > Cat: 4 ID: 258 Anim: 258 Msg: 236

[Actor: 17908166] Aquaveil > Cat: 4 ID: 55 Anim: 55 Msg: 230

[Actor: 17908167] Sickle Moon > Cat: 3 ID: 54 Anim: 112 Msg: 188

[Actor: 17908169] Blizzard III > Cat: 4 ID: 151 Anim: 151 Msg: 2

[Actor: 17908168] Bind > Cat: 4 ID: 258 Anim: 258 Msg: 236

[Actor: 17908166] Aquaveil > Cat: 4 ID: 55 Anim: 55 Msg: 230

[Actor: 17907988] Shell IV > Cat: 4 ID: 51 Anim: 51 Msg: 230

[Actor: 17907994] Cyclone > Cat: 3 ID: 20 Anim: 35 Msg: 185

[Actor: 17907995] Aquaveil > Cat: 4 ID: 55 Anim: 55 Msg: 230

[Actor: 17907995] Power Slash > Cat: 3 ID: 49 Anim: 107 Msg: 185

[Actor: 17907988] Diaga II > Cat: 4 ID: 34 Anim: 34 Msg: 2

[Actor: 17907989] Stoneskin > Cat: 4 ID: 54 Anim: 54 Msg: 230

[Actor: 17907989] Sanguine Blade > Cat: 3 ID: 47 Anim: 230 Msg: 185

[Actor: 17907986] Bio III > Cat: 4 ID: 232 Anim: 232 Msg: 2

[Actor: 17907992] Absorb-TP > Cat: 4 ID: 275 Anim: 125 Msg: 454

[Actor: 17907992] Infernal Scythe > Cat: 3 ID: 107 Anim: 72 Msg: 185

[Actor: 17907986] Cataclysm > Cat: 3 ID: 189 Anim: 231 Msg: 185

[Actor: 17907987] Poison II > Cat: 4 ID: 221 Anim: 221 Msg: 236

[Actor: 17907991] Flash > Cat: 4 ID: 112 Anim: 486 Msg: 236

[Actor: 17907987] Earth Crusher > Cat: 3 ID: 178 Anim: 138 Msg: 185

[Actor: 17907991] Swift Blade > Cat: 3 ID: 41 Anim: 10 Msg: 185

[Actor: 17907987] Earth Crusher > Cat: 3 ID: 178 Anim: 138 Msg: 185

[Actor: 17907990] Jubaku: Ni > Cat: 4 ID: 342 Anim: 342 Msg: 236

[Actor: 17907994] Victory March > Cat: 4 ID: 420 Anim: 435 Msg: 230

[Actor: 17907990] Blade: Yu > Cat: 3 ID: 139 Anim: 162 Msg: 185

[Actor: 17907995] Protect IV > Cat: 4 ID: 46 Anim: 46 Msg: 230

[Actor: 17907995] Power Slash > Cat: 3 ID: 49 Anim: 107 Msg: 185

[Actor: 17907989] Shell IV > Cat: 4 ID: 51 Anim: 51 Msg: 230

[Actor: 17907986] Sleepga II > Cat: 4 ID: 274 Anim: 270 Msg: 236

[Actor: 17907986] Aero IV > Cat: 4 ID: 157 Anim: 157 Msg: 2

[Actor: 17907986] Full Swing > Cat: 3 ID: 182 Anim: 142 Msg: 188

[Actor: 17907986] Cataclysm > Cat: 3 ID: 189 Anim: 231 Msg: 185

[Actor: 17907991] Protect IV > Cat: 4 ID: 46 Anim: 46 Msg: 230

[Actor: 17907991] Swift Blade > Cat: 3 ID: 41 Anim: 10 Msg: 185

[Actor: 17907987] Sleepga II > Cat: 4 ID: 274 Anim: 270 Msg: 236

[Actor: 17907991] Circle Blade > Cat: 3 ID: 38 Anim: 7 Msg: 188

[Actor: 17907990] Utsusemi: Ni > Cat: 4 ID: 339 Anim: 339 Msg: 230

[Actor: 17907990] Blade: Yu > Cat: 3 ID: 139 Anim: 162 Msg: 185

[Actor: 17907988] Stoneskin > Cat: 4 ID: 54 Anim: 54 Msg: 230

[Actor: 17907992] Absorb-VIT > Cat: 4 ID: 268 Anim: 279 Msg: 331

[Actor: 17907992] Cross Reaper > Cat: 3 ID: 103 Anim: 68 Msg: 185

[Actor: 17907993] Flaming Arrow > Cat: 3 ID: 192 Anim: 191 Msg: 185

[Actor: 17907991] Flash > Cat: 4 ID: 112 Anim: 486 Msg: 236

[Actor: 17907991] Seraph Blade > Cat: 3 ID: 37 Anim: 5 Msg: 185

[Actor: 17907994] Evisceration > Cat: 3 ID: 25 Anim: 40 Msg: 185

[Actor: 17907990] Utsusemi: Ni > Cat: 4 ID: 339 Anim: 339 Msg: 230

[Actor: 17907988] Enwater > Cat: 4 ID: 105 Anim: 105 Msg: 230

[Actor: 17907989] Blink > Cat: 4 ID: 53 Anim: 53 Msg: 230

[Actor: 17907989] Savage Blade > Cat: 3 ID: 42 Anim: 11 Msg: 185

[Actor: 17907995] Protect IV > Cat: 4 ID: 46 Anim: 46 Msg: 230

[Actor: 17907992] Sleep II > Cat: 4 ID: 259 Anim: 265 Msg: 236

[Actor: 17907986] Aspir > Cat: 4 ID: 247 Anim: 247 Msg: 228

[Actor: 17907986] Earth Crusher > Cat: 3 ID: 178 Anim: 138 Msg: 185

[Actor: 17907992] Infernal Scythe > Cat: 3 ID: 107 Anim: 72 Msg: 185

[Actor: 17907993] Refulgent Arrow > Cat: 3 ID: 201 Anim: 232 Msg: 185

[Actor: 17907988] Shell IV > Cat: 4 ID: 51 Anim: 51 Msg: 230

