[Actor: 17498432] Victory March > Cat: 4 ID: 420 Anim: 435 Msg: 230

[Actor: 17498442] Valor Minuet IV > Cat: 4 ID: 397 Anim: 396 Msg: 230

[Actor: 17498442] Knight's Minne IV > Cat: 4 ID: 392 Anim: 391 Msg: 230

[Actor: 17498442] Victory March > Cat: 4 ID: 420 Anim: 435 Msg: 230

[Actor: 17498442] Dextrous Etude > Cat: 4 ID: 425 Anim: 440 Msg: 230

[Actor: 17498440] Dia II > Cat: 4 ID: 24 Anim: 24 Msg: 2

[Actor: 17498432] Dextrous Etude > Cat: 4 ID: 425 Anim: 440 Msg: 230

[Actor: 17498444] Haste > Cat: 4 ID: 57 Anim: 57 Msg: 230

[Actor: 17498567] Maelstrom > Cat: 11 ID: 462 Anim: 206 Msg: 185

[Actor: 17498567] Hard Membrane > Cat: 11 ID: 3547 Anim: 203 Msg: 194

[Actor: 17498568] Ink Jet > Cat: 11 ID: 458 Anim: 202 Msg: 185

[Actor: 17498567] Mighty Strikes > Cat: 11 ID: 688 Anim: 432 Msg: 101

[Actor: 17498567] Cross Attack > Cat: 11 ID: 460 Anim: 204 Msg: 185

[Actor: 17498569] Tentacle > Cat: 11 ID: 456 Anim: 200 Msg: 185

[Actor: 17498567] Maelstrom > Cat: 11 ID: 462 Anim: 206 Msg: 185

[Actor: 17498569] Tentacle > Cat: 11 ID: 456 Anim: 200 Msg: 185

[Actor: 17498567] Maelstrom > Cat: 11 ID: 462 Anim: 206 Msg: 185

[Actor: 17498567] Mighty Strikes > Cat: 11 ID: 688 Anim: 432 Msg: 101

[Actor: 17498567] Whirlwind > Cat: 11 ID: 463 Anim: 207 Msg: 185

[Actor: 17498442] Battlefield Elegy > Cat: 4 ID: 421 Anim: 436 Msg: 85

[Actor: 17498567] Maelstrom > Cat: 11 ID: 462 Anim: 206 Msg: 185

[Actor: 17498567] Cross Attack > Cat: 11 ID: 460 Anim: 204 Msg: 185

[Actor: 17498567] Mighty Strikes > Cat: 11 ID: 688 Anim: 432 Msg: 101

[Actor: 17498567] Cross Attack > Cat: 11 ID: 460 Anim: 204 Msg: 188

[Actor: 17498567] Maelstrom > Cat: 11 ID: 462 Anim: 206 Msg: 185

[Actor: 17498567] Mighty Strikes > Cat: 11 ID: 688 Anim: 432 Msg: 101

[Actor: 17498567] Tentacle > Cat: 11 ID: 456 Anim: 200 Msg: 185

[Actor: 17498444] Aquaveil > Cat: 4 ID: 55 Anim: 55 Msg: 230

[Actor: 17498567] Ink Jet > Cat: 11 ID: 458 Anim: 202 Msg: 185

[Actor: 17498444] Blink > Cat: 4 ID: 53 Anim: 53 Msg: 230

[Actor: 17498567] Maelstrom > Cat: 11 ID: 462 Anim: 206 Msg: 185

[Actor: 17498567] Regeneration > Cat: 11 ID: 3548 Anim: 205 Msg: 194

[Actor: 17498567] Mighty Strikes > Cat: 11 ID: 688 Anim: 432 Msg: 101

[Actor: 17498567] Whirlwind > Cat: 11 ID: 463 Anim: 207 Msg: 185

[Actor: 17498442] Valor Minuet IV > Cat: 4 ID: 397 Anim: 396 Msg: 230

[Actor: 17498567] Maelstrom > Cat: 11 ID: 462 Anim: 206 Msg: 185

[Actor: 17498567] Mighty Strikes > Cat: 11 ID: 688 Anim: 432 Msg: 101

[Actor: 17498567] Cross Attack > Cat: 11 ID: 460 Anim: 204 Msg: 185

[Actor: 17498442] Valor Minuet IV > Cat: 4 ID: 397 Anim: 396 Msg: 230

[Actor: 17498567] Whirlwind > Cat: 11 ID: 463 Anim: 207 Msg: 185

[Actor: 17498567] Maelstrom > Cat: 11 ID: 462 Anim: 206 Msg: 185

[Actor: 17498567] Whirlwind > Cat: 11 ID: 463 Anim: 207 Msg: 185

[Actor: 17498442] Horde Lullaby > Cat: 4 ID: 376 Anim: 376 Msg: 85

[Actor: 17498442] Magic Finale > Cat: 4 ID: 462 Anim: 461 Msg: 85

[Actor: 17498567] Maelstrom > Cat: 11 ID: 462 Anim: 206 Msg: 185

[Actor: 17498567] Cross Attack > Cat: 11 ID: 460 Anim: 204 Msg: 185

[Actor: 17498567] Mighty Strikes > Cat: 11 ID: 688 Anim: 432 Msg: 101

[Actor: 17498567] Maelstrom > Cat: 11 ID: 462 Anim: 206 Msg: 185

[Actor: 17498567] Hard Membrane > Cat: 11 ID: 3547 Anim: 203 Msg: 194

[Actor: 17498442] Dextrous Etude > Cat: 4 ID: 425 Anim: 440 Msg: 230

[Actor: 17498567] Maelstrom > Cat: 11 ID: 462 Anim: 206 Msg: 185

[Actor: 17498442] Knight's Minne IV > Cat: 4 ID: 392 Anim: 391 Msg: 230

[Actor: 17498444] Blink > Cat: 4 ID: 53 Anim: 53 Msg: 230

[Actor: 17498567] Maelstrom > Cat: 11 ID: 462 Anim: 206 Msg: 185

[Actor: 17498567] Mighty Strikes > Cat: 11 ID: 688 Anim: 432 Msg: 101

[Actor: 17498567] Hard Membrane > Cat: 11 ID: 3547 Anim: 203 Msg: 194

[Actor: 17498444] Aquaveil > Cat: 4 ID: 55 Anim: 55 Msg: 230

[Actor: 17498569] Ink Jet > Cat: 11 ID: 458 Anim: 202 Msg: 185

[Actor: 17498567] Regeneration > Cat: 11 ID: 3548 Anim: 205 Msg: 194

[Actor: 17498567] Maelstrom > Cat: 11 ID: 462 Anim: 206 Msg: 185

[Actor: 17498567] Hard Membrane > Cat: 11 ID: 3547 Anim: 203 Msg: 194

[Actor: 17498567] Mighty Strikes > Cat: 11 ID: 688 Anim: 432 Msg: 101

[Actor: 17498567] Cross Attack > Cat: 11 ID: 460 Anim: 204 Msg: 185

[Actor: 17498444] Stoneskin > Cat: 4 ID: 54 Anim: 54 Msg: 230

[Actor: 17498444] Shell III > Cat: 4 ID: 50 Anim: 50 Msg: 230

