[HP Track] Killed 17960965 (Eschan Zdei): 5005~5531HP, Est.HP: 5106 (Mthd: I)

[HP Track] Killed 17960998 (Eschan Il'aern): 13677~14438HP, Est.HP: 14098 (Mthd: I)

[HP Track] Killed 17960999 (Eschan Il'aern): 12827~14460HP, Est.HP: 14094 (Mthd: I)

[HP Track] Killed 17961000 (Eschan Il'aern): 12959~14074HP, Est.HP: 13933 (Mthd: I)

[HP Track] Killed 17961001 (Eschan Il'aern's Wynav): 1962~2955HP, Est.HP: 2650 (Mthd: I)

[HP Track] Killed 17961003 (Eschan Il'aern): 3602~12072HP, Est.HP: 11677 (Mthd: I)

[HP Track] Killed 17961002 (Eschan Il'aern): 11605~12091HP, Est.HP: 11962 (Mthd: I)

[HP Track] Killed 17961004 (Eschan Il'aern): 12717~13713HP, Est.HP: 13385 (Mthd: I)

[HP Track] Killed 17961005 (Eschan Il'aern): 11131~12167HP, Est.HP: 11967 (Mthd: I)

[HP Track] Killed 17961006 (Eschan Il'aern): 6541~6547HP, Est.HP: 3797 (Mthd: L)

[HP Track] Killed 17961007 (Eschan Il'aern's Wynav): 2485~2765HP, Est.HP: 2729 (Mthd: I)

[HP Track] Killed 17961004 (Eschan Il'aern): 12259~19082HP, Est.HP: -2100 (Mthd: L)

[HP Track] Killed 17961005 (Eschan Il'aern): 11120~14196HP, Est.HP: 0 (Mthd: L)

[HP Track] Killed 17961006 (Eschan Il'aern): 11901~13070HP, Est.HP: -1046 (Mthd: L)

[HP Track] Killed 17961007 (Eschan Il'aern's Wynav): 2169~2636HP, Est.HP: -422 (Mthd: L)

[HP Track] Killed 17961004 (Eschan Il'aern): 12138~13816HP, Est.HP: -139 (Mthd: L)

[HP Track] Killed 17961005 (Eschan Il'aern): 11133~12701HP, Est.HP: -255 (Mthd: L)

[HP Track] Killed 17961006 (Eschan Il'aern): 12975~13705HP, Est.HP: 548 (Mthd: L)

[HP Track] Killed 17961007 (Eschan Il'aern's Wynav): 427~2468HP, Est.HP: -2024 (Mthd: L)

[HP Track] Killed 17961004 (Eschan Il'aern): 13237~13784HP, Est.HP: -414 (Mthd: L)

[HP Track] Killed 17961005 (Eschan Il'aern): 2298~13687HP, Est.HP: -11087 (Mthd: L)

[HP Track] Killed 17961003 (Eschan Il'aern): 7686~8034HP, Est.HP: 7150 (Mthd: L)

[HP Track] Killed 17961002 (Eschan Il'aern): 9332~9641HP, Est.HP: -2507 (Mthd: L)

[HP Track] Killed 17961052 (Eschan Yovra): 13571~13790HP, Est.HP: 13707 (Mthd: I)

[HP Track] Killed 17961002 (Eschan Il'aern): 4208~4366HP, Est.HP: -961 (Mthd: L)

[HP Track] Killed 17961305 (Eschan Gargouille): 5299~5606HP, Est.HP: 3531 (Mthd: L)

[HP Track] Killed 17961006 (Eschan Il'aern): 5127~5210HP, Est.HP: -782 (Mthd: L)

[HP Track] Killed 17961005 (Eschan Il'aern): 9278~9351HP, Est.HP: -1871 (Mthd: L)

[HP Track] Killed 17961004 (Eschan Il'aern): 7325~7442HP, Est.HP: -1787 (Mthd: L)

[HP Track] Killed 17961007 (Eschan Il'aern's Wynav): 267~1017HP, Est.HP: 482 (Mthd: I)

