[HP Track] Killed 17498434 (Lagoon Sahagin): 2583~3471HP, Est.HP: 3187 (Mthd: I)

[HP Track] Killed 17498444 (Lagoon Sahagin): 2977~3412HP, Est.HP: 3165 (Mthd: I)

[HP Track] Killed 17498431 (Shore Sahagin): 1828~4327HP, Est.HP: 3887 (Mthd: I)

[HP Track] Killed 17498443 (Delta Sahagin): 3068~4057HP, Est.HP: 3740 (Mthd: I)

[HP Track] Killed 17498442 (Coastal Sahagin): 2708~3674HP, Est.HP: 3515 (Mthd: I)

[HP Track] Killed 17498438 (Coastal Sahagin): 2831~4016HP, Est.HP: 3493 (Mthd: I)

[HP Track] Killed 17498440 (Lagoon Sahagin): 1~3729HP

[HP Track] Killed 17498441 (Shore Sahagin): 3530~4104HP, Est.HP: 3835 (Mthd: I)

[HP Track] Killed 17498437 (Shore Sahagin): 1~887HP, Est.HP: 3856 (Mthd: I)

[HP Track] Killed 17498444 (Lagoon Sahagin): 90~3654HP, Est.HP: -3326 (Mthd: L)

[HP Track] Killed 17500227 (Ifrit): 1279~1658HP, Est.HP: 1521 (Mthd: I)

[HP Track] Killed 17498568 (Kanavid): 586~711HP, Est.HP: 334 (Mthd: L)

[HP Track] Killed 17498569 (Kanavid): 1~129HP, Est.HP: 234 (Mthd: I)

[HP Track] Killed 17498567 (Bakunawa): 48613~49049HP, Est.HP: 48068 (Mthd: L)

[HP Track] Killed 17498442 (Coastal Sahagin): 2319~3878HP, Est.HP: -1241 (Mthd: L)

[HP Track] Killed 17498443 (Delta Sahagin): 3391~4236HP, Est.HP: 338 (Mthd: L)

[HP Track] Killed 17498569 (Kanavid): 73~197HP, Est.HP: 5 (Mthd: L)

[HP Track] Killed 17498568 (Kanavid): 733~910HP, Est.HP: -401 (Mthd: L)

[HP Track] Killed 17498567 (Bakunawa): 29471~29660HP, Est.HP: -2077 (Mthd: L)

[HP Track] Killed 17498441 (Shore Sahagin): 637~1303HP, Est.HP: -887 (Mthd: L)

[HP Track] Killed 17498567 (Bakunawa): 42542~45247HP, Est.HP: -1358 (Mthd: L)

[HP Track] Killed 17498568 (Kanavid): 1~134HP

[HP Track] Killed 17498567 (Bakunawa): 36678~37632HP, Est.HP: -377 (Mthd: L)

[HP Track] Killed 17498569 (Kanavid): 333~467HP, Est.HP: -211 (Mthd: L)

[HP Track] Killed 17498567 (Bakunawa): 45710~45860HP, Est.HP: -459 (Mthd: L)

[HP Track] Killed 17498442 (Coastal Sahagin): 3031~3855HP, Est.HP: 693 (Mthd: L)

[HP Track] Killed 17498568 (Kanavid): 1~126HP

[HP Track] Killed 17498569 (Kanavid): 408~530HP, Est.HP: -112 (Mthd: L)

[HP Track] Killed 17498567 (Bakunawa): 37041~37521HP, Est.HP: -376 (Mthd: L)

[HP Track] Killed 17498444 (Lagoon Sahagin): 2915~3556HP, Est.HP: -392 (Mthd: L)

[HP Track] Killed 17498441 (Shore Sahagin): 3581~4146HP, Est.HP: -457 (Mthd: L)

